<?xml version="1.0" encoding="UTF-8"?>
<testng-results skipped="0" failed="0" ignored="0" total="2" passed="2">
  <reporter-output>
  </reporter-output>
  <suite name="Default suite" duration-ms="78" started-at="2021-07-23T11:35:10 IST" finished-at="2021-07-23T11:35:11 IST">
    <groups>
    </groups>
    <test name="Default test" duration-ms="78" started-at="2021-07-23T11:35:10 IST" finished-at="2021-07-23T11:35:11 IST">
      <class name="applicationThree.ApplicationThreeScenario2">
        <test-method status="PASS" signature="testplus()[pri:0, instance:applicationThree.ApplicationThreeScenario2@2d8f65a4]" name="testplus" duration-ms="13" started-at="2021-07-23T11:35:10 IST" finished-at="2021-07-23T11:35:11 IST">
          <reporter-output>
          </reporter-output>
        </test-method> <!-- testplus -->
        <test-method status="PASS" signature="testplustwo()[pri:0, instance:applicationThree.ApplicationThreeScenario2@2d8f65a4]" name="testplustwo" duration-ms="2" started-at="2021-07-23T11:35:11 IST" finished-at="2021-07-23T11:35:11 IST">
          <reporter-output>
          </reporter-output>
        </test-method> <!-- testplustwo -->
      </class> <!-- applicationThree.ApplicationThreeScenario2 -->
    </test> <!-- Default test -->
  </suite> <!-- Default suite -->
</testng-results>
