<?xml version="1.0" encoding="UTF-8"?>
<testng-results skipped="0" failed="0" ignored="0" total="1" passed="1">
  <reporter-output>
  </reporter-output>
  <suite name="Default suite" duration-ms="57" started-at="2021-07-23T09:23:11 IST" finished-at="2021-07-23T09:23:11 IST">
    <groups>
    </groups>
    <test name="Default test" duration-ms="57" started-at="2021-07-23T09:23:11 IST" finished-at="2021-07-23T09:23:11 IST">
      <class name="SeleniumTests">
        <test-method status="PASS" signature="testplus()[pri:0, instance:SeleniumTests@2d8f65a4]" name="testplus" duration-ms="9" started-at="2021-07-23T09:23:11 IST" finished-at="2021-07-23T09:23:11 IST">
          <reporter-output>
          </reporter-output>
        </test-method> <!-- testplus -->
      </class> <!-- SeleniumTests -->
    </test> <!-- Default test -->
  </suite> <!-- Default suite -->
</testng-results>
